<?xml version="1.0" encoding="UTF-8"?>
<!-- Generated by org.testng.reporters.JUnitReportReporter -->
<testsuite hostname="LAPTOP-AO93C9A7" failures="0" tests="1" name="ui.LogoTesting" time="7.305" errors="0" timestamp="2021-04-20T00:20:44 IST" skipped="0">
  <testcase classname="ui.LogoTesting" name="VerifyLogo" time="7.305"/>
  <system-out/>
</testsuite> <!-- ui.LogoTesting -->
