<?xml version="1.0" encoding="UTF-8"?>
<!-- Generated by org.testng.reporters.JUnitReportReporter -->
<testsuite hostname="LAPTOP-AO93C9A7" failures="0" tests="1" name="ui.CountURLs" time="7.434" errors="0" timestamp="2021-04-20T00:20:44 IST" skipped="0">
  <testcase classname="ui.CountURLs" name="CountAndDisplayURLs" time="7.434"/>
  <system-out/>
</testsuite> <!-- ui.CountURLs -->
