<?xml version="1.0" encoding="UTF-8"?>
<!-- Generated by org.testng.reporters.JUnitReportReporter -->
<testsuite hostname="LAPTOP-AO93C9A7" failures="0" tests="1" name="ui.VerifyEmail" time="9.423" errors="0" timestamp="2021-04-19T19:14:56 IST" skipped="0">
  <testcase classname="ui.VerifyEmail" name="CheckEmail" time="9.423"/>
  <system-out/>
</testsuite> <!-- ui.VerifyEmail -->
