<?xml version="1.0" encoding="UTF-8"?>
<!-- Generated by org.testng.reporters.JUnitReportReporter -->
<testsuite hostname="LAPTOP-AO93C9A7" failures="0" tests="1" name="ui.VerifyTitle" time="5.380" errors="0" timestamp="2021-04-20T00:20:44 IST" skipped="0">
  <testcase classname="ui.VerifyTitle" name="TestTitle" time="5.380"/>
  <system-out/>
</testsuite> <!-- ui.VerifyTitle -->
