<?xml version="1.0" encoding="UTF-8"?>
<!-- Generated by org.testng.reporters.JUnitReportReporter -->
<testsuite hostname="LAPTOP-AO93C9A7" failures="0" tests="1" name="ui.PageLINKS" time="7.365" errors="0" timestamp="2021-04-20T00:20:44 IST" skipped="0">
  <testcase classname="ui.PageLINKS" name="PageTesting" time="7.365"/>
  <system-out/>
</testsuite> <!-- ui.PageLINKS -->
